IQ-TREE multicore version 2.1.3 COVID-edition for Linux 64-bit built Apr 21 2021
Developed by Bui Quang Minh, James Barbetti, Nguyen Lam Tung,
Olga Chernomor, Heiko Schmidt, Dominik Schrempf, Michael Woodhams.

Host:    alpha2.cvr.gla.ac.uk (AVX512, FMA3, 4031 GB RAM)
Command: iqtree2 -s dummy_aln.fa
Seed:    451148 (Using SPRNG - Scalable Parallel Random Number Generator)
Time:    Tue May 27 12:08:10 2025
Kernel:  AVX+FMA - 1 threads (224 CPU cores detected)

HINT: Use -nt option to specify number of threads because your CPU has 224 cores!
HINT: -nt AUTO will automatically determine the best number of threads to use.

Reading alignment file dummy_aln.fa ... Fasta format detected
Alignment most likely contains DNA/RNA sequences
Alignment has 8 sequences with 153 columns, 37 distinct patterns
31 parsimony-informative, 15 singleton sites, 107 constant sites
      Gap/Ambiguity  Composition  p-value
   1  ref     9.80%    passed     99.84%
   2  seq1    9.80%    passed     99.84%
   3  seq2    9.80%    passed     99.85%
   4  seq3    9.80%    passed     91.87%
   5  seq4   11.76%    passed     99.69%
   6  seq5   13.73%    passed     99.49%
   7  seq6    5.23%    passed     99.55%
   8  seq7    0.00%    passed     99.99%
****  TOTAL    8.74%  0 sequences failed composition chi2 test (p-value<5%; df=3)
NOTE: seq1 is identical to ref but kept for subsequent analysis


Create initial parsimony tree by phylogenetic likelihood library (PLL)... 0.000 seconds
Perform fast likelihood tree search using GTR+I+G model...
Estimate model parameters (epsilon = 5.000)
Perform nearest neighbor interchange...
Estimate model parameters (epsilon = 1.000)
1. Initial log-likelihood: -395.787
Optimal log-likelihood: -395.618
Rate parameters:  A-C: 2.14854  A-G: 3.10427  A-T: 2.24479  C-G: 0.43705  C-T: 2.58175  G-T: 1.00000
Base frequencies:  A: 0.263  C: 0.208  G: 0.256  T: 0.273
Proportion of invariable sites: 0.311
Gamma shape alpha: 998.440
Parameters optimization took 1 rounds (0.001 sec)
Time for fast ML tree search: 0.006 seconds

NOTE: ModelFinder requires 0 MB RAM!
ModelFinder will test up to 286 DNA models (sample size: 153) ...
 No. Model         -LnL         df  AIC          AICc         BIC
  1  GTR+F         393.532      21  829.065      836.118      892.704
  2  GTR+F+I       393.532      22  831.065      838.849      897.734
  3  GTR+F+G4      393.535      22  831.071      838.855      897.740
  4  GTR+F+I+G4    395.018      23  836.035      844.594      905.735
  5  GTR+F+R2      393.627      23  833.254      841.812      902.954
  6  GTR+F+R3      393.563      25  837.126      847.362      912.887
 14  SYM           394.185      18  824.369      829.474      878.917
 15  SYM+I         394.184      19  826.369      832.083      883.947
 16  SYM+G4        394.187      19  826.374      832.089      883.953
 27  TVM+F         393.579      20  827.158      833.522      887.767
 28  TVM+F+I       393.579      21  829.158      836.211      892.797
 29  TVM+F+G4      393.582      21  829.164      836.217      892.803
 40  TVMe          394.319      17  822.637      827.171      874.155
 41  TVMe+I        394.319      18  824.637      829.742      879.185
 42  TVMe+G4       394.321      18  824.643      829.747      879.191
 53  TIM3+F        395.540      19  829.081      834.795      886.659
 54  TIM3+F+I      395.540      20  831.081      837.445      891.690
 55  TIM3+F+G4     395.543      20  831.087      837.450      891.696
 66  TIM3e         396.248      16  824.495      828.495      872.982
 67  TIM3e+I       396.248      17  826.495      831.029      878.013
 68  TIM3e+G4      396.251      17  826.501      831.035      878.019
 79  TIM2+F        393.983      19  825.965      831.679      883.543
 80  TIM2+F+I      393.982      20  827.965      834.328      888.574
 81  TIM2+F+G4     393.985      20  827.970      834.334      888.579
 92  TIM2e         394.891      16  821.781      825.781      870.268
 93  TIM2e+I       394.891      17  823.781      828.314      875.298
 94  TIM2e+G4      394.893      17  823.786      828.320      875.304
105  TIM+F         395.733      19  829.465      835.179      887.043
106  TIM+F+I       395.732      20  831.465      837.829      892.074
107  TIM+F+G4      395.735      20  831.471      837.834      892.079
118  TIMe          396.692      16  825.383      829.383      873.870
119  TIMe+I        396.692      17  827.383      831.917      878.901
120  TIMe+G4       396.695      17  827.389      831.922      878.906
131  TPM3u+F       395.579      18  827.157      832.262      881.705
132  TPM3u+F+I     395.579      19  829.158      834.872      886.736
133  TPM3u+F+G4    395.582      19  829.163      834.878      886.742
144  TPM3+F        395.579      18  827.157      832.262      881.705
145  TPM3+F+I      395.579      19  829.158      834.872      886.736
146  TPM3+F+G4     395.582      19  829.163      834.878      886.742
157  TPM2u+F       394.029      18  824.057      829.162      878.605
158  TPM2u+F+I     394.029      19  826.057      831.772      883.636
159  TPM2u+F+G4    394.031      19  826.063      831.777      883.641
170  TPM2+F        394.029      18  824.057      829.162      878.605
171  TPM2+F+I      394.029      19  826.057      831.772      883.636
172  TPM2+F+G4     394.031      19  826.063      831.777      883.641
183  K3Pu+F        395.769      18  827.537      832.642      882.085
184  K3Pu+F+I      395.769      19  829.537      835.251      887.115
185  K3Pu+F+G4     395.771      19  829.543      835.257      887.121
196  K3P           396.801      15  823.603      827.107      869.059
197  K3P+I         396.801      16  825.603      829.603      874.090
198  K3P+G4        396.804      16  825.609      829.609      874.096
209  TN+F          395.749      18  827.498      832.603      882.046
210  TN+F+I        395.749      19  829.498      835.212      887.076
211  TN+F+G4       395.752      19  829.504      835.218      887.082
222  TNe           396.712      15  823.424      826.927      868.880
223  TNe+I         396.712      16  825.423      829.423      873.910
224  TNe+G4        396.715      16  825.429      829.429      873.916
235  HKY+F         395.785      17  825.570      830.103      877.087
236  HKY+F+I       395.785      18  827.570      832.674      882.118
237  HKY+F+G4      395.788      18  827.575      832.680      882.123
248  K2P           396.822      14  821.643      824.687      864.069
249  K2P+I         396.822      15  823.643      827.147      869.100
250  K2P+G4        396.824      15  823.649      827.152      869.105
261  F81+F         397.470      16  826.941      830.941      875.428
262  F81+F+I       397.470      17  828.941      833.474      880.458
263  F81+F+G4      397.473      17  828.947      833.480      880.464
274  JC            398.481      13  822.963      825.581      862.358
275  JC+I          398.481      14  824.963      828.006      867.389
276  JC+G4         398.484      14  824.969      828.012      867.395
Akaike Information Criterion:           K2P
Corrected Akaike Information Criterion: K2P
Bayesian Information Criterion:         JC
Best-fit model: JC chosen according to BIC

All model information printed to dummy_aln.fa.model.gz
CPU time for ModelFinder: 0.126 seconds (0h:0m:0s)
Wall-clock time for ModelFinder: 0.130 seconds (0h:0m:0s)

NOTE: 0 MB RAM (0 GB) is required!
Estimate model parameters (epsilon = 0.100)
1. Initial log-likelihood: -398.481
Optimal log-likelihood: -398.481
Rate parameters:  A-C: 1.00000  A-G: 1.00000  A-T: 1.00000  C-G: 1.00000  C-T: 1.00000  G-T: 1.00000
Base frequencies:  A: 0.250  C: 0.250  G: 0.250  T: 0.250
Parameters optimization took 1 rounds (0.000 sec)
Computing ML distances based on estimated model parameters...
Computing ML distances took 0.000424 sec (of wall-clock time) 0.000242 sec(of CPU time)
WARNING: Some pairwise ML distances are too long (saturated)
Computing RapidNJ tree took 0.000058 sec (of wall-clock time) 0.000057 sec (of CPU time)
Log-likelihood of RapidNJ tree: -398.487
--------------------------------------------------------------------
|             INITIALIZING CANDIDATE TREE SET                      |
--------------------------------------------------------------------
Generating 98 parsimony trees... 0.011 second
Computing log-likelihood of 90 initial trees ... 0.008 seconds
Current best score: -398.481

Do NNI search on 20 best initial trees
Estimate model parameters (epsilon = 0.100)
BETTER TREE FOUND at iteration 1: -398.481
BETTER TREE FOUND at iteration 2: -398.481
BETTER TREE FOUND at iteration 7: -398.481
Iteration 10 / LogL: -398.481 / Time: 0h:0m:0s
Iteration 20 / LogL: -398.481 / Time: 0h:0m:0s
Finish initializing candidate tree set (12)
Current best tree score: -398.481 / CPU time: 0.025
Number of iterations: 20
--------------------------------------------------------------------
|               OPTIMIZING CANDIDATE TREE SET                      |
--------------------------------------------------------------------
BETTER TREE FOUND at iteration 23: -398.481
Iteration 30 / LogL: -398.482 / Time: 0h:0m:0s (0h:0m:0s left)
Iteration 40 / LogL: -398.481 / Time: 0h:0m:0s (0h:0m:0s left)
Iteration 50 / LogL: -398.482 / Time: 0h:0m:0s (0h:0m:0s left)
Iteration 60 / LogL: -398.481 / Time: 0h:0m:0s (0h:0m:0s left)
Iteration 70 / LogL: -398.481 / Time: 0h:0m:0s (0h:0m:0s left)
Iteration 80 / LogL: -398.481 / Time: 0h:0m:0s (0h:0m:0s left)
Iteration 90 / LogL: -398.481 / Time: 0h:0m:0s (0h:0m:0s left)
Iteration 100 / LogL: -398.481 / Time: 0h:0m:0s (0h:0m:0s left)
Iteration 110 / LogL: -398.481 / Time: 0h:0m:0s (0h:0m:0s left)
Iteration 120 / LogL: -398.481 / Time: 0h:0m:0s (0h:0m:0s left)
TREE SEARCH COMPLETED AFTER 124 ITERATIONS / Time: 0h:0m:0s

--------------------------------------------------------------------
|                    FINALIZING TREE SEARCH                        |
--------------------------------------------------------------------
Performs final model parameters optimization
Estimate model parameters (epsilon = 0.010)
1. Initial log-likelihood: -398.481
Optimal log-likelihood: -398.481
Rate parameters:  A-C: 1.00000  A-G: 1.00000  A-T: 1.00000  C-G: 1.00000  C-T: 1.00000  G-T: 1.00000
Base frequencies:  A: 0.250  C: 0.250  G: 0.250  T: 0.250
Parameters optimization took 1 rounds (0.000 sec)
BEST SCORE FOUND : -398.481
Total tree length: 0.378

Total number of iterations: 124
CPU time used for tree search: 0.152 sec (0h:0m:0s)
Wall-clock time used for tree search: 0.076 sec (0h:0m:0s)
Total CPU time used: 0.160 sec (0h:0m:0s)
Total wall-clock time used: 0.083 sec (0h:0m:0s)

Analysis results written to: 
  IQ-TREE report:                dummy_aln.fa.iqtree
  Maximum-likelihood tree:       dummy_aln.fa.treefile
  Likelihood distances:          dummy_aln.fa.mldist
  Screen log file:               dummy_aln.fa.log

Date and Time: Tue May 27 12:08:10 2025
